<?xml version="1.0" encoding="UTF-8"?>
<!-- Generated by org.testng.reporters.JUnitReportReporter -->
<testsuite skipped="0" hostname="venkat-PC" name="com.qa.testclasses.ContactsPageTest" tests="4" failures="0" timestamp="05 Mar 2018 16:11:51 GMT" time="285.912" errors="0">
  <testcase name="readcontactinfotextTest" time="70.305" classname="com.qa.testclasses.ContactsPageTest"/>
  <testcase name="createnewcontacttest" time="66.379" classname="com.qa.testclasses.ContactsPageTest"/>
  <testcase name="createnewcontacttest" time="59.389" classname="com.qa.testclasses.ContactsPageTest"/>
  <testcase name="createnewcontacttest" time="89.839" classname="com.qa.testclasses.ContactsPageTest"/>
</testsuite> <!-- com.qa.testclasses.ContactsPageTest -->
