<?xml version="1.0" encoding="UTF-8"?>
<!-- Generated by org.testng.reporters.JUnitReportReporter -->
<testsuite skipped="0" hostname="venkat-PC" name="com.qa.testbaseclasses.Testbaseclass" tests="1" failures="0" timestamp="07 Feb 2018 06:12:17 GMT" time="43.576" errors="0">
  <testcase name="initialize" time="43.576" classname="com.qa.testbaseclasses.Testbaseclass"/>
</testsuite> <!-- com.qa.testbaseclasses.Testbaseclass -->
