<?xml version="1.0" encoding="UTF-8"?>
<!-- Generated by org.testng.reporters.JUnitReportReporter -->
<testsuite skipped="0" hostname="venkat-PC" name="com.qa.testclasses.LoginPageTest" tests="4" failures="0" timestamp="06 Mar 2018 04:25:14 GMT" time="68.501" errors="0">
  <testcase name="loginpagetitleTest" time="10.336" classname="com.qa.testclasses.LoginPageTest"/>
  <testcase name="loginbtnenabledTest" time="13.257" classname="com.qa.testclasses.LoginPageTest"/>
  <testcase name="headerverification" time="11.223" classname="com.qa.testclasses.LoginPageTest"/>
  <testcase name="loginbtnclickverificationTest" time="33.685" classname="com.qa.testclasses.LoginPageTest"/>
</testsuite> <!-- com.qa.testclasses.LoginPageTest -->
