<?xml version="1.0" encoding="UTF-8"?>
<!-- Generated by org.testng.reporters.JUnitReportReporter -->
<testsuite skipped="0" hostname="venkat-PC" name="com.qa.testclasses.HomePageTest" tests="5" failures="0" timestamp="06 Mar 2018 04:39:02 GMT" time="218.022" errors="0">
  <testcase name="verifyhomepagetitleTest" time="54.917" classname="com.qa.testclasses.HomePageTest"/>
  <testcase name="checkuserlogoutTest" time="42.270" classname="com.qa.testclasses.HomePageTest"/>
  <testcase name="quicksearchtextTest" time="46.586" classname="com.qa.testclasses.HomePageTest"/>
  <testcase name="verifyHomepageheaderTest" time="41.179" classname="com.qa.testclasses.HomePageTest"/>
  <testcase name="verifyusernameisdisplayedTest" time="33.070" classname="com.qa.testclasses.HomePageTest"/>
</testsuite> <!-- com.qa.testclasses.HomePageTest -->
