<?xml version="1.0" encoding="UTF-8"?>
<!-- Generated by org.testng.reporters.JUnitReportReporter -->
<testsuite skipped="0" hostname="venkat-PC" name="com.qa.testclasses.LoginPageTest" tests="4" failures="0" timestamp="06 Mar 2018 04:39:02 GMT" time="87.513" errors="0">
  <testcase name="loginpagetitleTest" time="14.497" classname="com.qa.testclasses.LoginPageTest"/>
  <testcase name="loginbtnenabledTest" time="14.198" classname="com.qa.testclasses.LoginPageTest"/>
  <testcase name="headerverification" time="13.716" classname="com.qa.testclasses.LoginPageTest"/>
  <testcase name="loginbtnclickverificationTest" time="45.102" classname="com.qa.testclasses.LoginPageTest"/>
</testsuite> <!-- com.qa.testclasses.LoginPageTest -->
