<?xml version="1.0" encoding="UTF-8"?>
<!-- Generated by org.testng.reporters.JUnitReportReporter -->
<testsuite skipped="0" hostname="venkat-PC" name="com.qa.testclasses.ContactsPageTest" tests="4" failures="0" timestamp="06 Mar 2018 04:39:02 GMT" time="242.891" errors="0">
  <testcase name="readcontactinfotextTest" time="55.012" classname="com.qa.testclasses.ContactsPageTest"/>
  <testcase name="createnewcontacttest" time="69.045" classname="com.qa.testclasses.ContactsPageTest"/>
  <testcase name="createnewcontacttest" time="56.706" classname="com.qa.testclasses.ContactsPageTest"/>
  <testcase name="createnewcontacttest" time="62.128" classname="com.qa.testclasses.ContactsPageTest"/>
</testsuite> <!-- com.qa.testclasses.ContactsPageTest -->
